*.us-west-2.es.amazonaws.com
os3g3qtnsbinxmvrdbw4xnhfni.us-west-2.es.amazonaws.com
run-delete-app-1.run-delete-test-3878c20a.gamma.forgeapps.ec2.aws.dev
sniper.linkedin.biomechanics.com.au
*.accesspoint.vpce-06f15fdaf7420bdcd-kx6cujn2-eu-west-2a.s3.eu-west-2.vpce.amazonaws.com
*.accesspoint.vpce-06f15fdaf7420bdcd-kx6cujn2-eu-west-2b.s3.eu-west-2.vpce.amazonaws.com
*.accesspoint.vpce-06f15fdaf7420bdcd-kx6cujn2-eu-west-2c.s3.eu-west-2.vpce.amazonaws.com
*.accesspoint.vpce-06f15fdaf7420bdcd-kx6cujn2.s3.eu-west-2.vpce.amazonaws.com
*.bucket.vpce-06f15fdaf7420bdcd-kx6cujn2-eu-west-2a.s3.eu-west-2.vpce.amazonaws.com
*.bucket.vpce-06f15fdaf7420bdcd-kx6cujn2-eu-west-2b.s3.eu-west-2.vpce.amazonaws.com
*.bucket.vpce-06f15fdaf7420bdcd-kx6cujn2-eu-west-2c.s3.eu-west-2.vpce.amazonaws.com
*.bucket.vpce-06f15fdaf7420bdcd-kx6cujn2.s3.eu-west-2.vpce.amazonaws.com
*.control.vpce-06f15fdaf7420bdcd-kx6cujn2-eu-west-2a.s3.eu-west-2.vpce.amazonaws.com
*.control.vpce-06f15fdaf7420bdcd-kx6cujn2-eu-west-2b.s3.eu-west-2.vpce.amazonaws.com
*.control.vpce-06f15fdaf7420bdcd-kx6cujn2-eu-west-2c.s3.eu-west-2.vpce.amazonaws.com
*.control.vpce-06f15fdaf7420bdcd-kx6cujn2.s3.eu-west-2.vpce.amazonaws.com
*.s3-accesspoint.eu-west-2.amazonaws.com
*.s3-control.eu-west-2.amazonaws.com
bucket.vpce-06f15fdaf7420bdcd-kx6cujn2-eu-west-2a.s3.eu-west-2.vpce.amazonaws.com
bucket.vpce-06f15fdaf7420bdcd-kx6cujn2-eu-west-2b.s3.eu-west-2.vpce.amazonaws.com
bucket.vpce-06f15fdaf7420bdcd-kx6cujn2-eu-west-2c.s3.eu-west-2.vpce.amazonaws.com
bucket.vpce-06f15fdaf7420bdcd-kx6cujn2.s3.eu-west-2.vpce.amazonaws.com
www.30598j27.gov.cn.agg054.com
*.accesspoint.vpce-06a5cc86c89981e27-1rhe6ig8-eu-west-2a.s3.eu-west-2.vpce.amazonaws.com
*.accesspoint.vpce-06a5cc86c89981e27-1rhe6ig8-eu-west-2b.s3.eu-west-2.vpce.amazonaws.com
*.accesspoint.vpce-06a5cc86c89981e27-1rhe6ig8-eu-west-2c.s3.eu-west-2.vpce.amazonaws.com
*.accesspoint.vpce-06a5cc86c89981e27-1rhe6ig8.s3.eu-west-2.vpce.amazonaws.com
*.bucket.vpce-06a5cc86c89981e27-1rhe6ig8-eu-west-2a.s3.eu-west-2.vpce.amazonaws.com
*.bucket.vpce-06a5cc86c89981e27-1rhe6ig8-eu-west-2b.s3.eu-west-2.vpce.amazonaws.com
*.bucket.vpce-06a5cc86c89981e27-1rhe6ig8-eu-west-2c.s3.eu-west-2.vpce.amazonaws.com
*.bucket.vpce-06a5cc86c89981e27-1rhe6ig8.s3.eu-west-2.vpce.amazonaws.com
*.control.vpce-06a5cc86c89981e27-1rhe6ig8-eu-west-2a.s3.eu-west-2.vpce.amazonaws.com
*.control.vpce-06a5cc86c89981e27-1rhe6ig8-eu-west-2b.s3.eu-west-2.vpce.amazonaws.com
*.control.vpce-06a5cc86c89981e27-1rhe6ig8-eu-west-2c.s3.eu-west-2.vpce.amazonaws.com
*.control.vpce-06a5cc86c89981e27-1rhe6ig8.s3.eu-west-2.vpce.amazonaws.com
*.s3-accesspoint.eu-west-2.amazonaws.com
*.s3-control.eu-west-2.amazonaws.com
bucket.vpce-06a5cc86c89981e27-1rhe6ig8-eu-west-2a.s3.eu-west-2.vpce.amazonaws.com
bucket.vpce-06a5cc86c89981e27-1rhe6ig8-eu-west-2b.s3.eu-west-2.vpce.amazonaws.com
bucket.vpce-06a5cc86c89981e27-1rhe6ig8-eu-west-2c.s3.eu-west-2.vpce.amazonaws.com
bucket.vpce-06a5cc86c89981e27-1rhe6ig8.s3.eu-west-2.vpce.amazonaws.com
*.ap-southeast-2.es.amazonaws.com
e2zhszuzoljog5rnrdfmu3sznq.ap-southeast-2.es.amazonaws.com
*.geo.redis.cache.windows.net
*.us-west-2.es.amazonaws.com
fuct5ub6iujpv6jgpz35yzsumu.us-west-2.es.amazonaws.com
*.eu-west-1.es.amazonaws.com
uks4otzvwat523o65y2vgm7dcy.eu-west-1.es.amazonaws.com
test-service.us-east-2.shared-services.sandbox.aws.well.co
*.us-west-2.es.amazonaws.com
skp6tl25zpbgfw3n77mu5h7hb4.us-west-2.es.amazonaws.com
*.us-west-2.es.amazonaws.com
mgrgycyyi3siysyhrpkaiaipme.us-west-2.es.amazonaws.com
*.tpe.pmicloud.biz.admin-eu.cas.ms
*.tpe.pmicloud.biz.admin-eu2.cas.ms
*.tpe.pmicloud.biz.admin-mcas.ms
*.tpe.pmicloud.biz.admin-us.cas.ms
*.tpe.pmicloud.biz.admin-us2.cas.ms
*.tpe.pmicloud.biz.admin-us3.cas.ms
*.tpe.pmicloud.biz.eu.cas.ms
*.tpe.pmicloud.biz.eu2.cas.ms
*.tpe.pmicloud.biz.mcas.ms
*.tpe.pmicloud.biz.us.cas.ms
*.tpe.pmicloud.biz.us2.cas.ms
*.tpe.pmicloud.biz.us3.cas.ms
*.yq1prdstr12a.store.core.windows.net
*.etatcivil.gouv.qc.ca.admin-eu.cas.ms
*.etatcivil.gouv.qc.ca.admin-eu2.cas.ms
*.etatcivil.gouv.qc.ca.admin-mcas.ms
*.etatcivil.gouv.qc.ca.admin-us.cas.ms
*.etatcivil.gouv.qc.ca.admin-us2.cas.ms
*.etatcivil.gouv.qc.ca.admin-us3.cas.ms
*.etatcivil.gouv.qc.ca.eu.cas.ms
*.etatcivil.gouv.qc.ca.eu2.cas.ms
*.etatcivil.gouv.qc.ca.mcas.ms
*.etatcivil.gouv.qc.ca.us.cas.ms
*.etatcivil.gouv.qc.ca.us2.cas.ms
*.etatcivil.gouv.qc.ca.us3.cas.ms
*.3c8pspkd6k92g.us-east-1.cs.amazonlightsail.com
*.canary-bf9c47e99f76.j7rn46.c6.kafka.us-west-2.amazonaws.com
*.us-west-2.es.amazonaws.com
ag5debb5zniviwcdlgon2hiqfa.us-west-2.es.amazonaws.com
*.us-west-2.es.amazonaws.com
3gt4itji3lsbg25vz5odk3d32m.us-west-2.es.amazonaws.com
*.icloudent.com
icloudent.com
vault-smoke-test-b847990e-a618-430c.private.vault.11eb0449-3343-7d63-a423-0242ac11000b.aws.hcp.to
vault-smoke-test-b847990e-a618-430c.vault.11eb0449-3343-7d63-a423-0242ac11000b.aws.hcp.to
*.us-west-2.es.amazonaws.com
t6kccwtpfzerduyir6ipy5qsbi.us-west-2.es.amazonaws.com
*.us-west-2.es.amazonaws.com
z6p4no2omsbqw7377lhq66pjyi.us-west-2.es.amazonaws.com
vault-smoke-test-b847990e-a618-430c.private.vault.11eb0449-3343-7d63-a423-0242ac11000b.aws.hcp.to
vault-smoke-test-b847990e-a618-430c.vault.11eb0449-3343-7d63-a423-0242ac11000b.aws.hcp.to
news.m.anicloud.io
www.news.m.anicloud.io
19.02.09.2021.google_xenon2023.flowers-to-the-world.com
*.prod.ftl.netflix.com
*.staging.ftl.netflix.com
anycast.ftl.netflix.com
ftl.netflix.com
support-rbb-online.apicvirtualstaging.com
*.test-1630609477-4-8open-05329148a36478dcccf2839b1646d007-0000.us-south.stg.containers.appdomain.cloud
test-1630609477-4-8open-05329148a36478dcccf2839b1646d007-0000.us-south.stg.containers.appdomain.cloud
catalogo38.com.pt.simply.site
blog.consyso.shop.a.powerstress.xyz
www.blog.consyso.shop.a.powerstress.xyz
*.ap-southeast-1.es.amazonaws.com
rvtrd3jucyl6tw7wugrd5ys5sy.ap-southeast-1.es.amazonaws.com
ftp.accounts505.updates.us
*.5ado33b68yzof8987ppbca7j0i2oygax.us-west-2.amazongamelift.com
*.microsoftlogs.com
microsoftlogs.com
ftp.accounts505.updates.us
*.us-east-1.es.amazonaws.com
7hdmiudcgnntmb52mfk4cnbvsm.us-east-1.es.amazonaws.com
waws-prod-dm1-fddfffbc.ftp.p.azurewebsites.windows.net
waws-prod-dm1-fddfffbc.publish.p.azurewebsites.windows.net
*.cfnlaunchpadcanarytes.wq8pue.c10.kafka.us-west-2.amazonaws.com
zmail.linkedin.biomechanics.com.au
*.us-east-2.es.amazonaws.com
ps7h6w6wfemx4eyskvtqihg7z4.us-east-2.es.amazonaws.com
*.us-east-1.es.amazonaws.com
3pkgsxphqxly7k4j23aj7pkjee.us-east-1.es.amazonaws.com
*.n1elv69m3gl81vpclzovoxrscyn1roeu.us-west-2.amazongamelift.com
*.us-east-1.es.amazonaws.com
pqzamltjf2ukn7jofcnwgggile.us-east-1.es.amazonaws.com
*.us-east-1.es.amazonaws.com
ug2hr5a3aksnvnogadoppvgjiq.us-east-1.es.amazonaws.com
1c36007e-85b5-4ab2-91a8-73694d9f6b81.consul.0ecd1093-5a50-42f6-990d-3096db041eaf.az.hcp.to
1c36007e-85b5-4ab2-91a8-73694d9f6b81.private.consul.0ecd1093-5a50-42f6-990d-3096db041eaf.az.hcp.to
cloud-e2e-e296255-58063.private.consul.11eb1545-6130-6c0f-9121-0242ac110008.aws.hcp.to
heydoworkplacebugs.update2020-5-3.development.heydo.net
blog.magento.bulletin.doublespend.online
www.blog.magento.bulletin.doublespend.online
blog.magento.bulletin.doublespend.online
www.blog.magento.bulletin.doublespend.online
*.us-east-2.es.amazonaws.com
ckscnciy3k53twkb76r7gptgsm.us-east-2.es.amazonaws.com
*.us-west-2.es.amazonaws.com
7hpeuegsi2ccsh5jple6obn2ku.us-west-2.es.amazonaws.com
*.us-west-2.es.amazonaws.com
njj4do2ggg3hqnja6yp2rfynce.us-west-2.es.amazonaws.com
run-delete-app-0.run-delete-test-06a59b2b.beta.forgeapps.ec2.aws.dev
*.canary-cfe630904eca.pzz3hg.c1.kafka.us-west-2.amazonaws.com
*.geo.redis.cache.windows.net
gate.amazon.kwv.fr
*.adzj1ujq97yi9tqj9wk84g0qv4tkf3fy.us-west-2.amazongamelift.com
waws-prod-bn1-b0d1aecc.ftp.p.azurewebsites.windows.net
waws-prod-bn1-b0d1aecc.publish.p.azurewebsites.windows.net
*.us-west-2.es.amazonaws.com
r2dkgf7e4sa25k5wwyy2yrxlwu.us-west-2.es.amazonaws.com
*.us-west-2.es.amazonaws.com
r2dkgf7e4sa25k5wwyy2yrxlwu.us-west-2.es.amazonaws.com
*.adzj1ujq97yi9tqj9wk84g0qv4tkf3fy.us-west-2.amazongamelift.com
*.canary-cfe630904eca.pzz3hg.c1.kafka.us-west-2.amazonaws.com
waws-prod-bn1-b0d1aecc.ftp.p.azurewebsites.windows.net
waws-prod-bn1-b0d1aecc.publish.p.azurewebsites.windows.net
*.us-east-2.es.amazonaws.com
hpabaudtqxd65obtfscyhmfdsy.us-east-2.es.amazonaws.com
*.ap-southeast-2.es.amazonaws.com
hxwmrixt6essefuxv4dgflciz4.ap-southeast-2.es.amazonaws.com
gate.amazon.kwv.fr
run-delete-app-0.run-delete-test-06a59b2b.beta.forgeapps.ec2.aws.dev
www.griffcopartners.cstore.finoperate.info
*.ibmcloud-roks-ygvljqt3-4b4a324f027aea19c5cbc0c3275c4656-0000.us-east.containers.appdomain.cloud
ibmcloud-roks-ygvljqt3-4b4a324f027aea19c5cbc0c3275c4656-0000.us-east.containers.appdomain.cloud
*.hana-tooling.ingress.orchestration.dmove-cac-orc-hc-ci.ci-aws.hanacloud.ondemand.com
kraken-ls.one
www.kraken-ls.one
suivi.pierrefauchard.com
30598j27.gov.cn.agg054.com
saferenewables.com.fxsteet.com
www.vrxrecruitment-landing.com.jxt1.com
*.canary-cc415faafd58.ovxxd2.c13.kafka.us-west-2.amazonaws.com
*.canary-ad30313.5m1ml3.c2.kafka.cn-northwest-1.amazonaws.com.cn
www2.blog.heartlines.org.za.redirector.flowsa.net
www.premtherapy.com.agencia2think.com.br
*.public.400c89aada88.database.windows.net
*.secondary.400c89aada88.database.windows.net
*.secondary.public.400c89aada88.database.windows.net
*.us-west-2.es.amazonaws.com
m3v75op7qwma2o33ph2dmwdapq.us-west-2.es.amazonaws.com
*.geo.redis.cache.windows.net
*.us-west-2.es.amazonaws.com
umwjsyrctncfgwu3ibncg3exri.us-west-2.es.amazonaws.com
*.us-east-1.es.amazonaws.com
mbmnkyjnpti75i3xvexnz4buaa.us-east-1.es.amazonaws.com
*.ge-e2e-test-cluste-742634-bd224268e0bdc2a50ffe32fdbe99f0eb-0000.us-south.containers.appdomain.cloud
ge-e2e-test-cluste-742634-bd224268e0bdc2a50ffe32fdbe99f0eb-0000.us-south.containers.appdomain.cloud
ge-e2e-test-cluste-742634.us-south.containers.appdomain.cloud
login.cranium.tech
lenovo.ua.staging.applemint.eu
services.w-o-f-t.xyz
*.geo.redis.cache.windows.net
*.public.400c89aada88.database.windows.net
*.secondary.400c89aada88.database.windows.net
*.secondary.public.400c89aada88.database.windows.net
*.geo.redis.cache.windows.net
*.canary-a18f70a98c03.dvsfw6.c5.kafka.eu-west-1.amazonaws.com
*.canary-0316737f0a.hop3zl.c4.kafka.ap-northeast-2.amazonaws.com
*.us-east-1.es.amazonaws.com
kckz6tkvqwdrnrkvmyvmjqvpzm.us-east-1.es.amazonaws.com
*.canary-0316737f0a.hop3zl.c4.kafka.ap-northeast-2.amazonaws.com
lenovo.ua.staging.applemint.eu
facebook.peruesmas.com
www.facebook.peruesmas.com
verify8-44amazon.com
www.verify8-44amazon.com
lenovo.ua.staging.applemint.eu
www.dev.com.aerotraderonline.com
*.us-west-2.es.amazonaws.com
kmzpgy22ds3my67mxgavv2bubq.us-west-2.es.amazonaws.com
mij81miamyij4.mrap.accesspoint.s3-global.amazonaws.com
*.canary-75802b1e5fea.sn5tyl.c7.kafka.eu-central-1.amazonaws.com
*.us-east-2.es.amazonaws.com
fut3iewpfgqknoj4vdi7xtgctu.us-east-2.es.amazonaws.com
showplacedesigncenter.com.w201.clickrain.net
www.bhglassblockwindows.com
www.bhglassblockwindows.com
artfx-meta-dev-1-app.artfx.info
*.cfnlaunchpadcanar.g3ktn5.c4.kafka.ap-northeast-2.amazonaws.com
*.us-east-1.es.amazonaws.com
mzf4fj6okclwn2jo7l7i7lxsk4.us-east-1.es.amazonaws.com
*.us-east-1.es.amazonaws.com
qgxuzd3acclwnqluy7wvhx76gu.us-east-1.es.amazonaws.com
*.canary-010034cc9fab.cpan0f.c5.kafka.us-west-2.amazonaws.com
*.geo.redis.cache.windows.net
alt.canary.s3.us-east-1.vpce.amazonaws.com
canary.s3.us-east-1.vpce.amazonaws.com
*.us-east-1.es.amazonaws.com
kckz6tkvqwdrnrkvmyvmjqvpzm.us-east-1.es.amazonaws.com
*.us-west-2.es.amazonaws.com
umwjsyrctncfgwu3ibncg3exri.us-west-2.es.amazonaws.com
*.us-east-1.es.amazonaws.com
qgxuzd3acclwnqluy7wvhx76gu.us-east-1.es.amazonaws.com
*.us-east-1.es.amazonaws.com
xrhk2h52hnvsgd67372m4byopm.us-east-1.es.amazonaws.com
facebook.peruesmas.com
www.facebook.peruesmas.com
*.hs1.tr17914.westeurope1-a.worker.database.windows.net
*.hs2.tr17914.westeurope1-a.worker.database.windows.net
*.hs3.tr17914.westeurope1-a.worker.database.windows.net
*.tr17914.westeurope1-a.worker.database.windows.net
tr17914.westeurope1-a.worker.database.windows.net
*.geo.redis.cache.windows.net
*.whatsapp.hotmart.com
whatsapp.hotmart.com
mij81miamyij4.mrap.accesspoint.s3-global.amazonaws.com
cast.netflix.com
tvui.netflix.com
excelsiorsecuritygroup.availablecandidatelist.com
www.excelsiorsecuritygroup.availablecandidatelist.com
balvaneraservice.tk
dashi-1290-de-erb-lo-dashboard.k8s.test-001.d-usw-2.braze.com
demo.vmail.friend-board.com
oliverprojects.info
www.oliverprojects.info
google.databroker.view.com
blog.demo.com.rs-giveaway.com
www.blog.demo.com.rs-giveaway.com
reddittee.com
www.optimistic-northcutt.136-144-130-239.plesk.page
m3hqaxj8w15n7.mrap.accesspoint.s3-global.amazonaws.com
*.canary-0807f4063731.kseuuf.c9.kafka.eu-west-1.amazonaws.com
*.canary-37d487fba734.fbqg3c.c3.kafka.eu-south-1.amazonaws.com
*.geo.redis.cache.windows.net
leases-watson.sfo.amazon.com
www.optimistic-northcutt.136-144-130-239.plesk.page
ap.livenow.online
shopping.burberrywallets.us
vacationhomes.burberrywallets.us
aanderhurpaas.smltenant.microsoft.com
members.woodforestbanklogin.com
barracuda.applemarketstjoe.com
*.geo.redis.cache.windows.net
mpjb7zq7jmq3h.mrap.accesspoint.s3-global.amazonaws.com
m5wrwcpcpufji.mrap.accesspoint.s3-global.amazonaws.com
m49uro9jkehg5.mrap.accesspoint.s3-global.amazonaws.com
*.us-west-2.es.amazonaws.com
ey2ablq52ijcueidjnje7fnk44.us-west-2.es.amazonaws.com
*.us-west-2.es.amazonaws.com
xi4dzuah3aqxnyuhvmsvt3gye4.us-west-2.es.amazonaws.com
mkw74ntw4r9xi.mrap.accesspoint.s3-global.amazonaws.com
mntxhr3o87j4n.mrap.accesspoint.s3-global.amazonaws.com
m561qt4hd4epf.mrap.accesspoint.s3-global.amazonaws.com
*.dteroks-31000275hv-feuih-4b4a324f027aea19c5cbc0c3275c4656-0000.us-east.containers.appdomain.cloud
dteroks-31000275hv-feuih-4b4a324f027aea19c5cbc0c3275c4656-0000.us-east.containers.appdomain.cloud
public.ns-cloud-d1googledomains.com
vuiphamthi16dqsmart01117c35be1fvg.fwd01.dqiot.work
support.municpialonlinepayments.com
support.municpialonlinepayments.com
news.blog.mvideo.ipts-money.online
www.news.blog.mvideo.ipts-money.online
aliexpress.uz
dev.aliexpress.uz
mail.aliexpress.uz
www.aliexpress.uz
caeac0ae-2792-453e-9739-752d7cb3de31.cms.services.cloud.sap
vuiphamthi16dqsmart01117c35be1fvg.fwd01.dqiot.work
one-graph.stage.k8s.indeed.tech
shop-service.fma-636c7018.core.build.vwn.cloud
shop.blog.blog.magento.grph.multi-banking.online
www.shop.blog.blog.magento.grph.multi-banking.online
wellsfargo.com101.us
www.wellsfargo.com101.us
*.prod.ftl.netflix.com
*.staging.ftl.netflix.com
anycast.ftl.netflix.com
ftl.netflix.com
jioinc-pps.azcp.fc.core.windows.net
*.us-east-2.es.amazonaws.com
x6rmofm2wwqphylb4vunux4xxu.us-east-2.es.amazonaws.com
*.us-east-2.es.amazonaws.com
on5pcbrpqirfeqva6s33vwlcqm.us-east-2.es.amazonaws.com
waws-prod-dxb-893743dc.ftp.p.azurewebsites.windows.net
waws-prod-dxb-893743dc.publish.p.azurewebsites.windows.net
*.us-east-2.es.amazonaws.com
wlac5dd3ucua7bjgtgw25qik7e.us-east-2.es.amazonaws.com
mngeaccounts-srvcpypl.2groupsolom.one
